[setup] database=postgresql+asyncpg://localhost:5432/flowscope_replay_vps_20260507_123757 engine_tag=v2_balanced candidates=baseline,qmid_p06,qmid_p07,qmid_p06_4h_only,qmid_p06_15m_only,qmid_p06_15m_strict,qmid_p06_ema,qmid_p06_ema_pullback,qmid_p07_ema,ema_only,ema_pullback_only,qmid_p06_4h_runner_2r,qmid_p06_4h_runner_3r,qmid_p06_failfast,tf_simple,context_guard,quality_soft,balanced_soft,tf_profile,guarded
[load] signals=183 window=2026-04-23T01:43:45.640813+00:00->2026-05-07T10:48:53.849876+00:00
[load] buckets=1
[load] buckets=100,000
[load] bucket load complete rows=159,941 symbol_tf=420
[load] indicator cache ready symbol_tf=420
[replay:baseline] start signals=183 progress_every=999
[replay:baseline] 1/183   0.5% sim_time=2026-04-23T01:43:45.640813+00:00 active=0 entered=0 closed=0 R=0.00 skips=1 entry_guard_rejected=1
[replay:baseline] 183/183 100.0% sim_time=2026-05-07T10:48:53.849876+00:00 active=16 entered=168 closed=152 R=-22.71 skips=15 entry_guard_rejected=13 symbol_locked_open_position=2
[replay:baseline] finish entered=168 closed=155 open=13 winrate=39.35% R=-20.147 allocated_R=-17.367
[output:baseline] summary=export\live_faithful_baseline_20260507_165249.json trades=export\live_faithful_baseline_20260507_165249_trades.csv skips=export\live_faithful_baseline_20260507_165249_skips.csv
[replay:qmid_p06] start signals=183 progress_every=999
[replay:qmid_p06] 1/183   0.5% sim_time=2026-04-23T01:43:45.640813+00:00 active=0 entered=0 closed=0 R=0.00 skips=1 guard_quality_not_ready=1
[replay:qmid_p06] 183/183 100.0% sim_time=2026-05-07T10:48:53.849876+00:00 active=2 entered=49 closed=47 R=8.75 skips=134 guard_quality_not_ready=92 guard_quality_score_outside_mid=26 guard_market_pressure_4h_high=14 entry_guard_rejected=2
[replay:qmid_p06] finish entered=49 closed=47 open=2 winrate=55.32% R=8.748 allocated_R=9.189
[output:qmid_p06] summary=export\live_faithful_qmid_p06_20260507_165249.json trades=export\live_faithful_qmid_p06_20260507_165249_trades.csv skips=export\live_faithful_qmid_p06_20260507_165249_skips.csv
[replay:qmid_p07] start signals=183 progress_every=999
[replay:qmid_p07] 1/183   0.5% sim_time=2026-04-23T01:43:45.640813+00:00 active=0 entered=0 closed=0 R=0.00 skips=1 guard_quality_not_ready=1
[replay:qmid_p07] 183/183 100.0% sim_time=2026-05-07T10:48:53.849876+00:00 active=3 entered=55 closed=52 R=8.32 skips=128 guard_quality_not_ready=92 guard_quality_score_outside_mid=26 guard_market_pressure_4h_high=8 entry_guard_rejected=2
[replay:qmid_p07] finish entered=55 closed=52 open=3 winrate=55.77% R=8.316 allocated_R=8.598
[output:qmid_p07] summary=export\live_faithful_qmid_p07_20260507_165249.json trades=export\live_faithful_qmid_p07_20260507_165249_trades.csv skips=export\live_faithful_qmid_p07_20260507_165249_skips.csv
[replay:qmid_p06_4h_only] start signals=183 progress_every=999
[replay:qmid_p06_4h_only] 1/183   0.5% sim_time=2026-04-23T01:43:45.640813+00:00 active=0 entered=0 closed=0 R=0.00 skips=1 guard_quality_not_ready=1
[replay:qmid_p06_4h_only] 183/183 100.0% sim_time=2026-05-07T10:48:53.849876+00:00 active=2 entered=13 closed=11 R=9.56 skips=170 guard_timeframe_15m=73 guard_timeframe_24h=32 guard_quality_not_ready=29 guard_quality_score_outside_mid=16
[replay:qmid_p06_4h_only] finish entered=13 closed=11 open=2 winrate=81.82% R=9.560 allocated_R=7.979
[output:qmid_p06_4h_only] summary=export\live_faithful_qmid_p06_4h_only_20260507_165249.json trades=export\live_faithful_qmid_p06_4h_only_20260507_165249_trades.csv skips=export\live_faithful_qmid_p06_4h_only_20260507_165249_skips.csv
[replay:qmid_p06_15m_only] start signals=183 progress_every=999
[replay:qmid_p06_15m_only] 1/183   0.5% sim_time=2026-04-23T01:43:45.640813+00:00 active=0 entered=0 closed=0 R=0.00 skips=1 guard_timeframe_4h=1
[replay:qmid_p06_15m_only] 183/183 100.0% sim_time=2026-05-07T10:48:53.849876+00:00 active=0 entered=36 closed=36 R=-0.81 skips=147 guard_timeframe_4h=69 guard_timeframe_24h=32 guard_quality_not_ready=22 guard_quality_score_outside_mid=10
[replay:qmid_p06_15m_only] finish entered=36 closed=36 open=0 winrate=47.22% R=-0.812 allocated_R=1.210
[output:qmid_p06_15m_only] summary=export\live_faithful_qmid_p06_15m_only_20260507_165249.json trades=export\live_faithful_qmid_p06_15m_only_20260507_165249_trades.csv skips=export\live_faithful_qmid_p06_15m_only_20260507_165249_skips.csv
[replay:qmid_p06_15m_strict] start signals=183 progress_every=999
[replay:qmid_p06_15m_strict] 1/183   0.5% sim_time=2026-04-23T01:43:45.640813+00:00 active=0 entered=0 closed=0 R=0.00 skips=1 guard_timeframe_4h=1
[replay:qmid_p06_15m_strict] 183/183 100.0% sim_time=2026-05-07T10:48:53.849876+00:00 active=0 entered=5 closed=5 R=2.11 skips=178 guard_timeframe_4h=69 guard_timeframe_24h=32 guard_flow_alignment_15m_weak=24 guard_quality_not_ready=22
[replay:qmid_p06_15m_strict] finish entered=5 closed=5 open=0 winrate=80.00% R=2.114 allocated_R=1.635
[output:qmid_p06_15m_strict] summary=export\live_faithful_qmid_p06_15m_strict_20260507_165249.json trades=export\live_faithful_qmid_p06_15m_strict_20260507_165249_trades.csv skips=export\live_faithful_qmid_p06_15m_strict_20260507_165249_skips.csv
[replay:qmid_p06_ema] start signals=183 progress_every=999
[replay:qmid_p06_ema] 1/183   0.5% sim_time=2026-04-23T01:43:45.640813+00:00 active=0 entered=0 closed=0 R=0.00 skips=1 guard_quality_not_ready=1
[replay:qmid_p06_ema] 183/183 100.0% sim_time=2026-05-07T10:48:53.849876+00:00 active=0 entered=28 closed=28 R=7.77 skips=155 guard_quality_not_ready=92 guard_quality_score_outside_mid=26 guard_ema_trend_not_aligned=21 guard_market_pressure_4h_high=14
[replay:qmid_p06_ema] finish entered=28 closed=28 open=0 winrate=60.71% R=7.773 allocated_R=7.934
[output:qmid_p06_ema] summary=export\live_faithful_qmid_p06_ema_20260507_165249.json trades=export\live_faithful_qmid_p06_ema_20260507_165249_trades.csv skips=export\live_faithful_qmid_p06_ema_20260507_165249_skips.csv
[replay:qmid_p06_ema_pullback] start signals=183 progress_every=999
[replay:qmid_p06_ema_pullback] 1/183   0.5% sim_time=2026-04-23T01:43:45.640813+00:00 active=0 entered=0 closed=0 R=0.00 skips=1 guard_quality_not_ready=1
[replay:qmid_p06_ema_pullback] 183/183 100.0% sim_time=2026-05-07T10:48:53.849876+00:00 active=0 entered=17 closed=17 R=2.53 skips=166 guard_quality_not_ready=92 guard_quality_score_outside_mid=26 guard_ema_trend_not_aligned=21 guard_market_pressure_4h_high=14
[replay:qmid_p06_ema_pullback] finish entered=17 closed=17 open=0 winrate=52.94% R=2.525 allocated_R=4.362
[output:qmid_p06_ema_pullback] summary=export\live_faithful_qmid_p06_ema_pullback_20260507_165249.json trades=export\live_faithful_qmid_p06_ema_pullback_20260507_165249_trades.csv skips=export\live_faithful_qmid_p06_ema_pullback_20260507_165249_skips.csv
[replay:qmid_p07_ema] start signals=183 progress_every=999
[replay:qmid_p07_ema] 1/183   0.5% sim_time=2026-04-23T01:43:45.640813+00:00 active=0 entered=0 closed=0 R=0.00 skips=1 guard_quality_not_ready=1
[replay:qmid_p07_ema] 183/183 100.0% sim_time=2026-05-07T10:48:53.849876+00:00 active=1 entered=32 closed=31 R=6.35 skips=151 guard_quality_not_ready=92 guard_quality_score_outside_mid=26 guard_ema_trend_not_aligned=23 guard_market_pressure_4h_high=8
[replay:qmid_p07_ema] finish entered=32 closed=31 open=1 winrate=58.06% R=6.351 allocated_R=6.074
[output:qmid_p07_ema] summary=export\live_faithful_qmid_p07_ema_20260507_165249.json trades=export\live_faithful_qmid_p07_ema_20260507_165249_trades.csv skips=export\live_faithful_qmid_p07_ema_20260507_165249_skips.csv
[replay:ema_only] start signals=183 progress_every=999
[replay:ema_only] 1/183   0.5% sim_time=2026-04-23T01:43:45.640813+00:00 active=0 entered=0 closed=0 R=0.00 skips=1 entry_guard_rejected=1
[replay:ema_only] 183/183 100.0% sim_time=2026-05-07T10:48:53.849876+00:00 active=9 entered=102 closed=93 R=-19.97 skips=81 guard_ema_trend_not_aligned=69 entry_guard_rejected=8 guard_ema_missing=2 symbol_locked_open_position=2
[replay:ema_only] finish entered=102 closed=96 open=6 winrate=37.50% R=-17.406 allocated_R=-16.786
[output:ema_only] summary=export\live_faithful_ema_only_20260507_165249.json trades=export\live_faithful_ema_only_20260507_165249_trades.csv skips=export\live_faithful_ema_only_20260507_165249_skips.csv
[replay:ema_pullback_only] start signals=183 progress_every=999
[replay:ema_pullback_only] 1/183   0.5% sim_time=2026-04-23T01:43:45.640813+00:00 active=0 entered=0 closed=0 R=0.00 skips=1 guard_ema_slope_not_aligned=1
[replay:ema_pullback_only] 183/183 100.0% sim_time=2026-05-07T10:48:53.849876+00:00 active=6 entered=65 closed=59 R=-16.38 skips=118 guard_ema_trend_not_aligned=69 guard_ema_extension_too_far=32 guard_ema_slope_not_aligned=12 guard_ema_missing=2
[replay:ema_pullback_only] finish entered=65 closed=61 open=4 winrate=34.43% R=-15.337 allocated_R=-14.981
[output:ema_pullback_only] summary=export\live_faithful_ema_pullback_only_20260507_165249.json trades=export\live_faithful_ema_pullback_only_20260507_165249_trades.csv skips=export\live_faithful_ema_pullback_only_20260507_165249_skips.csv
[replay:qmid_p06_4h_runner_2r] start signals=183 progress_every=999
[replay:qmid_p06_4h_runner_2r] 1/183   0.5% sim_time=2026-04-23T01:43:45.640813+00:00 active=0 entered=0 closed=0 R=0.00 skips=1 guard_quality_not_ready=1
[replay:qmid_p06_4h_runner_2r] 183/183 100.0% sim_time=2026-05-07T10:48:53.849876+00:00 active=2 entered=13 closed=11 R=9.50 skips=170 guard_timeframe_15m=73 guard_timeframe_24h=32 guard_quality_not_ready=29 guard_quality_score_outside_mid=16
[replay:qmid_p06_4h_runner_2r] finish entered=13 closed=11 open=2 winrate=81.82% R=9.500 allocated_R=7.936
[output:qmid_p06_4h_runner_2r] summary=export\live_faithful_qmid_p06_4h_runner_2r_20260507_165249.json trades=export\live_faithful_qmid_p06_4h_runner_2r_20260507_165249_trades.csv skips=export\live_faithful_qmid_p06_4h_runner_2r_20260507_165249_skips.csv
[replay:qmid_p06_4h_runner_3r] start signals=183 progress_every=999
[replay:qmid_p06_4h_runner_3r] 1/183   0.5% sim_time=2026-04-23T01:43:45.640813+00:00 active=0 entered=0 closed=0 R=0.00 skips=1 guard_quality_not_ready=1
[replay:qmid_p06_4h_runner_3r] 183/183 100.0% sim_time=2026-05-07T10:48:53.849876+00:00 active=2 entered=13 closed=11 R=11.50 skips=170 guard_timeframe_15m=73 guard_timeframe_24h=30 guard_quality_not_ready=29 guard_quality_score_outside_mid=16
[replay:qmid_p06_4h_runner_3r] finish entered=13 closed=11 open=2 winrate=81.82% R=11.500 allocated_R=9.017
[output:qmid_p06_4h_runner_3r] summary=export\live_faithful_qmid_p06_4h_runner_3r_20260507_165249.json trades=export\live_faithful_qmid_p06_4h_runner_3r_20260507_165249_trades.csv skips=export\live_faithful_qmid_p06_4h_runner_3r_20260507_165249_skips.csv
[replay:qmid_p06_failfast] start signals=183 progress_every=999
[replay:qmid_p06_failfast] 1/183   0.5% sim_time=2026-04-23T01:43:45.640813+00:00 active=0 entered=0 closed=0 R=0.00 skips=1 guard_quality_not_ready=1
[replay:qmid_p06_failfast] 183/183 100.0% sim_time=2026-05-07T10:48:53.849876+00:00 active=2 entered=49 closed=47 R=6.45 skips=134 guard_quality_not_ready=92 guard_quality_score_outside_mid=26 guard_market_pressure_4h_high=14 entry_guard_rejected=2
[replay:qmid_p06_failfast] finish entered=49 closed=47 open=2 winrate=48.94% R=6.447 allocated_R=7.549
[output:qmid_p06_failfast] summary=export\live_faithful_qmid_p06_failfast_20260507_165249.json trades=export\live_faithful_qmid_p06_failfast_20260507_165249_trades.csv skips=export\live_faithful_qmid_p06_failfast_20260507_165249_skips.csv
[replay:tf_simple] start signals=183 progress_every=999
[replay:tf_simple] 1/183   0.5% sim_time=2026-04-23T01:43:45.640813+00:00 active=0 entered=0 closed=0 R=0.00 skips=1 guard_market_pressure_4h_high=1
[replay:tf_simple] 183/183 100.0% sim_time=2026-05-07T10:48:53.849876+00:00 active=7 entered=76 closed=69 R=0.77 skips=107 guard_low_volatility=31 guard_market_pressure_4h_high=28 guard_quality_not_ready=20 entry_guard_rejected=9
[replay:tf_simple] finish entered=76 closed=72 open=4 winrate=47.22% R=3.333 allocated_R=4.090
[output:tf_simple] summary=export\live_faithful_tf_simple_20260507_165249.json trades=export\live_faithful_tf_simple_20260507_165249_trades.csv skips=export\live_faithful_tf_simple_20260507_165249_skips.csv
[replay:context_guard] start signals=183 progress_every=999
[replay:context_guard] 1/183   0.5% sim_time=2026-04-23T01:43:45.640813+00:00 active=0 entered=0 closed=0 R=0.00 skips=1 guard_market_pressure_4h_high=1
[replay:context_guard] 183/183 100.0% sim_time=2026-05-07T10:48:53.849876+00:00 active=5 entered=71 closed=66 R=-6.07 skips=112 guard_market_pressure_4h_high=44 guard_low_volatility=31 guard_volume_z_4h_extreme=15 guard_oi_delta_z_1h_extreme=9
[replay:context_guard] finish entered=71 closed=68 open=3 winrate=42.65% R=-5.032 allocated_R=-1.360
[output:context_guard] summary=export\live_faithful_context_guard_20260507_165249.json trades=export\live_faithful_context_guard_20260507_165249_trades.csv skips=export\live_faithful_context_guard_20260507_165249_skips.csv
[replay:quality_soft] start signals=183 progress_every=999
[replay:quality_soft] 1/183   0.5% sim_time=2026-04-23T01:43:45.640813+00:00 active=0 entered=0 closed=0 R=0.00 skips=1 entry_guard_rejected=1
[replay:quality_soft] 183/183 100.0% sim_time=2026-05-07T10:48:53.849876+00:00 active=9 entered=112 closed=103 R=-12.17 skips=71 guard_low_volatility=31 guard_quality_score_outside_mid=20 entry_guard_rejected=11 guard_timeframe_1h=8
[replay:quality_soft] finish entered=112 closed=106 open=6 winrate=43.40% R=-9.614 allocated_R=-10.158
[output:quality_soft] summary=export\live_faithful_quality_soft_20260507_165249.json trades=export\live_faithful_quality_soft_20260507_165249_trades.csv skips=export\live_faithful_quality_soft_20260507_165249_skips.csv
[replay:balanced_soft] start signals=183 progress_every=999
[replay:balanced_soft] 1/183   0.5% sim_time=2026-04-23T01:43:45.640813+00:00 active=0 entered=0 closed=0 R=0.00 skips=1 guard_market_pressure_4h_high=1
[replay:balanced_soft] 183/183 100.0% sim_time=2026-05-07T10:48:53.849876+00:00 active=5 entered=60 closed=55 R=-5.05 skips=123 guard_market_pressure_4h_high=44 guard_low_volatility=31 guard_volume_z_4h_extreme=15 guard_quality_score_outside_mid=12
[replay:balanced_soft] finish entered=60 closed=57 open=3 winrate=43.86% R=-4.014 allocated_R=-2.133
[output:balanced_soft] summary=export\live_faithful_balanced_soft_20260507_165249.json trades=export\live_faithful_balanced_soft_20260507_165249_trades.csv skips=export\live_faithful_balanced_soft_20260507_165249_skips.csv
[replay:tf_profile] start signals=183 progress_every=999
[replay:tf_profile] 1/183   0.5% sim_time=2026-04-23T01:43:45.640813+00:00 active=0 entered=0 closed=0 R=0.00 skips=1 guard_oi_delta_z_1h_extreme=1
[replay:tf_profile] 183/183 100.0% sim_time=2026-05-07T10:48:53.849876+00:00 active=5 entered=37 closed=32 R=2.69 skips=146 guard_volume_z_4h_extreme=32 guard_low_volatility=31 guard_market_pressure_4h_high=25 guard_volume_z_15m_weak=19
[replay:tf_profile] finish entered=37 closed=34 open=3 winrate=52.94% R=3.730 allocated_R=4.724
[output:tf_profile] summary=export\live_faithful_tf_profile_20260507_165249.json trades=export\live_faithful_tf_profile_20260507_165249_trades.csv skips=export\live_faithful_tf_profile_20260507_165249_skips.csv
[replay:guarded] start signals=183 progress_every=999
[replay:guarded] 1/183   0.5% sim_time=2026-04-23T01:43:45.640813+00:00 active=0 entered=0 closed=0 R=0.00 skips=1 guard_market_pressure_4h_high=1
[replay:guarded] 183/183 100.0% sim_time=2026-05-07T10:48:53.849876+00:00 active=0 entered=34 closed=34 R=3.58 skips=149 guard_market_pressure_4h_high=44 guard_low_volatility=31 guard_quality_not_ready=28 guard_volume_z_4h_extreme=15
[replay:guarded] finish entered=34 closed=34 open=0 winrate=50.00% R=3.577 allocated_R=4.713
[output:guarded] summary=export\live_faithful_guarded_20260507_165249.json trades=export\live_faithful_guarded_20260507_165249_trades.csv skips=export\live_faithful_guarded_20260507_165249_skips.csv
[output] combined_summary=export\live_faithful_summary_20260507_165249.json
