[setup] database=postgresql+asyncpg://localhost:5432/flowscope_replay_vps_20260507_123757 engine_tag=v2_balanced candidates=baseline,context_guard,quality_soft,balanced_soft,tf_profile,guarded
[load] signals=183 window=2026-04-23T01:43:45.640813+00:00->2026-05-07T10:48:53.849876+00:00
[load] buckets=1
[load] buckets=100,000
[load] bucket load complete rows=159,941 symbol_tf=420
[replay:baseline] start signals=183 progress_every=50
[replay:baseline] 1/183   0.5% sim_time=2026-04-23T01:43:45.640813+00:00 active=0 entered=0 closed=0 R=0.00 skips=1 entry_guard_rejected=1
[replay:baseline] 50/183  27.3% sim_time=2026-04-28T06:38:24.522862+00:00 active=5 entered=46 closed=41 R=-9.39 skips=4 entry_guard_rejected=4
[replay:baseline] 100/183  54.6% sim_time=2026-05-04T04:02:58.217894+00:00 active=6 entered=94 closed=88 R=-21.27 skips=6 entry_guard_rejected=6
[replay:baseline] 150/183  82.0% sim_time=2026-05-06T04:00:52.824130+00:00 active=23 entered=139 closed=116 R=-18.45 skips=11 entry_guard_rejected=10 symbol_locked_open_position=1
[replay:baseline] 183/183 100.0% sim_time=2026-05-07T10:48:53.849876+00:00 active=16 entered=168 closed=152 R=-22.71 skips=15 entry_guard_rejected=13 symbol_locked_open_position=2
[replay:baseline] finish entered=168 closed=155 open=13 winrate=39.35% R=-20.147 allocated_R=-17.367
[output:baseline] summary=export\live_faithful_baseline_20260507_130208.json trades=export\live_faithful_baseline_20260507_130208_trades.csv skips=export\live_faithful_baseline_20260507_130208_skips.csv
[replay:context_guard] start signals=183 progress_every=50
[replay:context_guard] 1/183   0.5% sim_time=2026-04-23T01:43:45.640813+00:00 active=0 entered=0 closed=0 R=0.00 skips=1 guard_market_pressure_4h_high=1
[replay:context_guard] 50/183  27.3% sim_time=2026-04-28T06:38:24.522862+00:00 active=4 entered=18 closed=14 R=-4.42 skips=32 guard_market_pressure_4h_high=20 guard_low_volatility=5 guard_volume_z_4h_extreme=3 guard_timeframe_1h=3
[replay:context_guard] 100/183  54.6% sim_time=2026-05-04T04:02:58.217894+00:00 active=3 entered=40 closed=37 R=-4.87 skips=60 guard_market_pressure_4h_high=27 guard_low_volatility=15 guard_timeframe_1h=7 guard_volume_z_4h_extreme=5
[replay:context_guard] 150/183  82.0% sim_time=2026-05-06T04:00:52.824130+00:00 active=10 entered=58 closed=48 R=-1.08 skips=92 guard_market_pressure_4h_high=35 guard_low_volatility=26 guard_volume_z_4h_extreme=10 guard_timeframe_1h=8
[replay:context_guard] 183/183 100.0% sim_time=2026-05-07T10:48:53.849876+00:00 active=5 entered=71 closed=66 R=-6.07 skips=112 guard_market_pressure_4h_high=44 guard_low_volatility=31 guard_volume_z_4h_extreme=15 guard_oi_delta_z_1h_extreme=9
[replay:context_guard] finish entered=71 closed=68 open=3 winrate=42.65% R=-5.032 allocated_R=-1.360
[output:context_guard] summary=export\live_faithful_context_guard_20260507_130208.json trades=export\live_faithful_context_guard_20260507_130208_trades.csv skips=export\live_faithful_context_guard_20260507_130208_skips.csv
[replay:quality_soft] start signals=183 progress_every=50
[replay:quality_soft] 1/183   0.5% sim_time=2026-04-23T01:43:45.640813+00:00 active=0 entered=0 closed=0 R=0.00 skips=1 entry_guard_rejected=1
[replay:quality_soft] 50/183  27.3% sim_time=2026-04-28T06:38:24.522862+00:00 active=5 entered=39 closed=34 R=-8.25 skips=11 guard_low_volatility=5 entry_guard_rejected=3 guard_timeframe_1h=3
[replay:quality_soft] 100/183  54.6% sim_time=2026-05-04T04:02:58.217894+00:00 active=1 entered=56 closed=55 R=-12.79 skips=44 guard_quality_score_outside_mid=17 guard_low_volatility=15 guard_timeframe_1h=7 entry_guard_rejected=5
[replay:quality_soft] 150/183  82.0% sim_time=2026-05-06T04:00:52.824130+00:00 active=17 entered=90 closed=73 R=-8.79 skips=60 guard_low_volatility=26 guard_quality_score_outside_mid=17 entry_guard_rejected=9 guard_timeframe_1h=8
[replay:quality_soft] 183/183 100.0% sim_time=2026-05-07T10:48:53.849876+00:00 active=9 entered=112 closed=103 R=-12.17 skips=71 guard_low_volatility=31 guard_quality_score_outside_mid=20 entry_guard_rejected=11 guard_timeframe_1h=8
[replay:quality_soft] finish entered=112 closed=106 open=6 winrate=43.40% R=-9.614 allocated_R=-10.158
[output:quality_soft] summary=export\live_faithful_quality_soft_20260507_130208.json trades=export\live_faithful_quality_soft_20260507_130208_trades.csv skips=export\live_faithful_quality_soft_20260507_130208_skips.csv
[replay:balanced_soft] start signals=183 progress_every=50
[replay:balanced_soft] 1/183   0.5% sim_time=2026-04-23T01:43:45.640813+00:00 active=0 entered=0 closed=0 R=0.00 skips=1 guard_market_pressure_4h_high=1
[replay:balanced_soft] 50/183  27.3% sim_time=2026-04-28T06:38:24.522862+00:00 active=4 entered=18 closed=14 R=-4.42 skips=32 guard_market_pressure_4h_high=20 guard_low_volatility=5 guard_volume_z_4h_extreme=3 guard_timeframe_1h=3
[replay:balanced_soft] 100/183  54.6% sim_time=2026-05-04T04:02:58.217894+00:00 active=1 entered=29 closed=28 R=-5.54 skips=71 guard_market_pressure_4h_high=27 guard_low_volatility=15 guard_quality_score_outside_mid=11 guard_timeframe_1h=7
[replay:balanced_soft] 150/183  82.0% sim_time=2026-05-06T04:00:52.824130+00:00 active=10 entered=48 closed=38 R=-1.06 skips=102 guard_market_pressure_4h_high=35 guard_low_volatility=26 guard_quality_score_outside_mid=11 guard_volume_z_4h_extreme=10
[replay:balanced_soft] 183/183 100.0% sim_time=2026-05-07T10:48:53.849876+00:00 active=5 entered=60 closed=55 R=-5.05 skips=123 guard_market_pressure_4h_high=44 guard_low_volatility=31 guard_volume_z_4h_extreme=15 guard_quality_score_outside_mid=12
[replay:balanced_soft] finish entered=60 closed=57 open=3 winrate=43.86% R=-4.014 allocated_R=-2.133
[output:balanced_soft] summary=export\live_faithful_balanced_soft_20260507_130208.json trades=export\live_faithful_balanced_soft_20260507_130208_trades.csv skips=export\live_faithful_balanced_soft_20260507_130208_skips.csv
[replay:tf_profile] start signals=183 progress_every=50
[replay:tf_profile] 1/183   0.5% sim_time=2026-04-23T01:43:45.640813+00:00 active=0 entered=0 closed=0 R=0.00 skips=1 guard_oi_delta_z_1h_extreme=1
[replay:tf_profile] 50/183  27.3% sim_time=2026-04-28T06:38:24.522862+00:00 active=4 entered=6 closed=2 R=-2.00 skips=44 guard_volume_z_4h_extreme=15 guard_quality_not_ready=11 guard_market_pressure_4h_high=7 guard_low_volatility=5
[replay:tf_profile] 100/183  54.6% sim_time=2026-05-04T04:02:58.217894+00:00 active=3 entered=17 closed=14 R=-2.20 skips=83 guard_volume_z_4h_extreme=18 guard_low_volatility=15 guard_market_pressure_4h_high=13 guard_quality_not_ready=11
[replay:tf_profile] 150/183  82.0% sim_time=2026-05-06T04:00:52.824130+00:00 active=10 entered=31 closed=21 R=0.68 skips=119 guard_low_volatility=26 guard_volume_z_4h_extreme=25 guard_market_pressure_4h_high=19 guard_volume_z_15m_weak=12
[replay:tf_profile] 183/183 100.0% sim_time=2026-05-07T10:48:53.849876+00:00 active=5 entered=37 closed=32 R=2.69 skips=146 guard_volume_z_4h_extreme=32 guard_low_volatility=31 guard_market_pressure_4h_high=25 guard_volume_z_15m_weak=19
[replay:tf_profile] finish entered=37 closed=34 open=3 winrate=52.94% R=3.730 allocated_R=4.724
[output:tf_profile] summary=export\live_faithful_tf_profile_20260507_130208.json trades=export\live_faithful_tf_profile_20260507_130208_trades.csv skips=export\live_faithful_tf_profile_20260507_130208_skips.csv
[replay:guarded] start signals=183 progress_every=50
[replay:guarded] 1/183   0.5% sim_time=2026-04-23T01:43:45.640813+00:00 active=0 entered=0 closed=0 R=0.00 skips=1 guard_market_pressure_4h_high=1
[replay:guarded] 50/183  27.3% sim_time=2026-04-28T06:38:24.522862+00:00 active=1 entered=2 closed=1 R=1.50 skips=48 guard_market_pressure_4h_high=20 guard_quality_not_ready=17 guard_low_volatility=5 guard_volume_z_4h_extreme=3
[replay:guarded] 100/183  54.6% sim_time=2026-05-04T04:02:58.217894+00:00 active=0 entered=10 closed=10 R=3.08 skips=90 guard_market_pressure_4h_high=27 guard_quality_not_ready=20 guard_low_volatility=15 guard_quality_score_outside_mid=11
[replay:guarded] 150/183  82.0% sim_time=2026-05-06T04:00:52.824130+00:00 active=7 entered=25 closed=18 R=6.57 skips=125 guard_market_pressure_4h_high=35 guard_low_volatility=26 guard_quality_not_ready=25 guard_quality_score_outside_mid=11
[replay:guarded] 183/183 100.0% sim_time=2026-05-07T10:48:53.849876+00:00 active=0 entered=34 closed=34 R=3.58 skips=149 guard_market_pressure_4h_high=44 guard_low_volatility=31 guard_quality_not_ready=28 guard_volume_z_4h_extreme=15
[replay:guarded] finish entered=34 closed=34 open=0 winrate=50.00% R=3.577 allocated_R=4.713
[output:guarded] summary=export\live_faithful_guarded_20260507_130208.json trades=export\live_faithful_guarded_20260507_130208_trades.csv skips=export\live_faithful_guarded_20260507_130208_skips.csv
[output] combined_summary=export\live_faithful_summary_20260507_130208.json
